Hmm ... looks like a package
This is pdfTeX, Version 3.14159265-2.6-1.40.17 (MiKTeX 2.9)
entering extended mode
(Rd2.tex
LaTeX2e <2016/03/31> patch level 3
Babel <3.9r> and hyphenation patterns for 75 language(s) loaded.

("C:\Program Files (x86)\MiKTeX 2.9\tex\latex\base\book.cls"
Document Class: book 2014/09/29 v1.4h Standard LaTeX document class
("C:\Program Files (x86)\MiKTeX 2.9\tex\latex\base\bk10.clo"))
(C:/PROGRA~1/R/R-32~1.2/share/texmf/tex/latex\Rd.sty
("C:\Program Files (x86)\MiKTeX 2.9\tex\latex\base\ifthen.sty")
("C:\Program Files (x86)\MiKTeX 2.9\tex\latex\tools\longtable.sty")
("C:\Program Files (x86)\MiKTeX 2.9\tex\latex\tools\bm.sty")
("C:\Program Files (x86)\MiKTeX 2.9\tex\latex\base\alltt.sty")
("C:\Program Files (x86)\MiKTeX 2.9\tex\latex\tools\verbatim.sty")
Sorry, but C:\PROGRA~2\MIKTEX~1.9\miktex\bin\pdflatex.exe did not succeed.

The log file hopefully contains the information to get MiKTeX going again:

  C:/Users/Owner/AppData/Local/MiKTeX/2.9/miktex/log/pdflatex.log

You may want to visit the MiKTeX project page, if you need help.
Warning: running command '"pdflatex" -interaction=nonstopmode "Rd2.tex"' had status 1
Error in texi2dvi(file = file, pdf = TRUE, clean = clean, quiet = quiet,  : 
  unable to run 'pdflatex' on 'Rd2.tex'
This is pdfTeX, Version 3.14159265-2.6-1.40.17 (MiKTeX 2.9)
entering extended mode
(Rd2.tex
LaTeX2e <2016/03/31> patch level 3
Babel <3.9r> and hyphenation patterns for 75 language(s) loaded.

("C:\Program Files (x86)\MiKTeX 2.9\tex\latex\base\book.cls"
Document Class: book 2014/09/29 v1.4h Standard LaTeX document class
("C:\Program Files (x86)\MiKTeX 2.9\tex\latex\base\bk10.clo"))
(C:/PROGRA~1/R/R-32~1.2/share/texmf/tex/latex\Rd.sty
("C:\Program Files (x86)\MiKTeX 2.9\tex\latex\base\ifthen.sty")
("C:\Program Files (x86)\MiKTeX 2.9\tex\latex\tools\longtable.sty")
("C:\Program Files (x86)\MiKTeX 2.9\tex\latex\tools\bm.sty")
("C:\Program Files (x86)\MiKTeX 2.9\tex\latex\base\alltt.sty")
("C:\Program Files (x86)\MiKTeX 2.9\tex\latex\tools\verbatim.sty")
Sorry, but C:\PROGRA~2\MIKTEX~1.9\miktex\bin\pdflatex.exe did not succeed.

The log file hopefully contains the information to get MiKTeX going again:

  C:/Users/Owner/AppData/Local/MiKTeX/2.9/miktex/log/pdflatex.log

You may want to visit the MiKTeX project page, if you need help.
Warning: running command '"pdflatex" -interaction=nonstopmode "Rd2.tex"' had status 1
Error in texi2dvi(file = file, pdf = TRUE, clean = clean, quiet = quiet,  : 
  unable to run 'pdflatex' on 'Rd2.tex'
Error in running tools::texi2pdf()
You may want to clean up by 'rm -rf C:/Users/Owner/AppData/Local/Temp/RtmpiIfIjl/Rd2pdf2e3855304bb6'
